<?xml version="1.0" encoding="UTF-8"?>
<!-- Generated by org.testng.reporters.JUnitXMLReporter -->
<testsuite ignored="0" hostname="DESKTOP-HRO1N4I" failures="0" tests="3" name="Default test" time="4.78" errors="0" timestamp="2024-11-08T13:39:35 IST">
  <testcase classname="test.Putpacthanddelete" name="testDelete" time="3.768"/>
  <testcase classname="test.Putpacthanddelete" name="testPatch" time="0.502"/>
  <testcase classname="test.Putpacthanddelete" name="testPut" time="0.407"/>
</testsuite> <!-- Default test -->
