<?xml version="1.0" encoding="UTF-8"?>
<testng-results ignored="0" total="3" passed="3" failed="0" skipped="0">
  <reporter-output>
  </reporter-output>
  <suite started-at="2024-11-08T13:39:30 IST" name="Default suite" finished-at="2024-11-08T13:39:35 IST" duration-ms="4780">
    <groups>
    </groups>
    <test started-at="2024-11-08T13:39:30 IST" name="Default test" finished-at="2024-11-08T13:39:35 IST" duration-ms="4780">
      <class name="test.Putpacthanddelete">
        <test-method signature="testDelete()[pri:0, instance:test.Putpacthanddelete@2e8c1c9b]" started-at="2024-11-08T13:39:30 IST" name="testDelete" finished-at="2024-11-08T13:39:34 IST" duration-ms="3768" status="PASS">
          <reporter-output>
          </reporter-output>
        </test-method> <!-- testDelete -->
        <test-method signature="testPatch()[pri:0, instance:test.Putpacthanddelete@2e8c1c9b]" started-at="2024-11-08T13:39:34 IST" name="testPatch" finished-at="2024-11-08T13:39:34 IST" duration-ms="502" status="PASS">
          <reporter-output>
          </reporter-output>
        </test-method> <!-- testPatch -->
        <test-method signature="testPut()[pri:0, instance:test.Putpacthanddelete@2e8c1c9b]" started-at="2024-11-08T13:39:34 IST" name="testPut" finished-at="2024-11-08T13:39:34 IST" duration-ms="407" status="PASS">
          <reporter-output>
          </reporter-output>
        </test-method> <!-- testPut -->
      </class> <!-- test.Putpacthanddelete -->
    </test> <!-- Default test -->
  </suite> <!-- Default suite -->
</testng-results>
